Compiling the C compiler identification source file "CMakeCCompilerId.c" failed.
Compiler: /usr/local/eosio.cdt/bin/eosio-cc 
Build flags: ;-O3;
Id flags:  

The output was:
255
/usr/local/eosio.cdt/bin/wasm-ld: error: cannot open /tmp/CMakeCCompilerId.c.o: No such file or directory


Compiling the CXX compiler identification source file "CMakeCXXCompilerId.cpp" failed.
Compiler: /usr/local/eosio.cdt/bin/eosio-cpp 
Build flags: ;-O3;
Id flags:  

The output was:
255
/usr/local/eosio.cdt/bin/wasm-ld: error: duplicate symbol: main(int, char**)
>>> defined in /tmp/CMakeCXXCompilerId.cpp.o
>>> defined in /tmp/CMakeCXXCompilerId.cpp.o

/usr/local/eosio.cdt/bin/wasm-ld: error: duplicate symbol: info_platform
>>> defined in /tmp/CMakeCXXCompilerId.cpp.o
>>> defined in /tmp/CMakeCXXCompilerId.cpp.o

/usr/local/eosio.cdt/bin/wasm-ld: error: duplicate symbol: info_compiler
>>> defined in /tmp/CMakeCXXCompilerId.cpp.o
>>> defined in /tmp/CMakeCXXCompilerId.cpp.o

/usr/local/eosio.cdt/bin/wasm-ld: error: duplicate symbol: info_language_dialect_default
>>> defined in /tmp/CMakeCXXCompilerId.cpp.o
>>> defined in /tmp/CMakeCXXCompilerId.cpp.o

/usr/local/eosio.cdt/bin/wasm-ld: error: duplicate symbol: info_arch
>>> defined in /tmp/CMakeCXXCompilerId.cpp.o
>>> defined in /tmp/CMakeCXXCompilerId.cpp.o


Detecting C compiler ABI info failed to compile with the following output:
Change Dir: /wax/deferred/reaper/build/reaper/CMakeFiles/CMakeTmp

Run Build Command:"/usr/bin/make" "cmTC_6eaa3/fast"
make[3]: Entering directory '/wax/deferred/reaper/build/reaper/CMakeFiles/CMakeTmp'
make[3]: Warning: File 'Makefile' has modification time 1.3 s in the future
/usr/bin/make -f CMakeFiles/cmTC_6eaa3.dir/build.make CMakeFiles/cmTC_6eaa3.dir/build
make[4]: Entering directory '/wax/deferred/reaper/build/reaper/CMakeFiles/CMakeTmp'
make[4]: Warning: File 'CMakeFiles/cmTC_6eaa3.dir/flags.make' has modification time 1.3 s in the future
Building C object CMakeFiles/cmTC_6eaa3.dir/CMakeCCompilerABI.c.obj
/usr/local/eosio.cdt/bin/eosio-cc    -o CMakeFiles/cmTC_6eaa3.dir/CMakeCCompilerABI.c.obj   -c /usr/share/cmake-3.10/Modules/CMakeCCompilerABI.c
Linking C executable cmTC_6eaa3.wasm
/usr/bin/cmake -E cmake_link_script CMakeFiles/cmTC_6eaa3.dir/link.txt --verbose=1
/usr/local/eosio.cdt/bin/eosio-ld  -v CMakeFiles/cmTC_6eaa3.dir/CMakeCCompilerABI.c.obj -o cmTC_6eaa3.wasm 
eosio-ld: Unknown command line argument '-v'.  Try: '/usr/local/eosio.cdt/bin/eosio-ld -help'
eosio-ld: Did you mean '-L'?
CMakeFiles/cmTC_6eaa3.dir/build.make:97: recipe for target 'cmTC_6eaa3.wasm' failed
make[4]: *** [cmTC_6eaa3.wasm] Error 1
make[4]: Leaving directory '/wax/deferred/reaper/build/reaper/CMakeFiles/CMakeTmp'
Makefile:126: recipe for target 'cmTC_6eaa3/fast' failed
make[3]: *** [cmTC_6eaa3/fast] Error 2
make[3]: Leaving directory '/wax/deferred/reaper/build/reaper/CMakeFiles/CMakeTmp'



Detecting C [-std=c11] compiler features failed to compile with the following output:
Change Dir: /wax/deferred/reaper/build/reaper/CMakeFiles/CMakeTmp

Run Build Command:"/usr/bin/make" "cmTC_4efe4/fast"
make[3]: Entering directory '/wax/deferred/reaper/build/reaper/CMakeFiles/CMakeTmp'
make[3]: Warning: File 'Makefile' has modification time 1.3 s in the future
/usr/bin/make -f CMakeFiles/cmTC_4efe4.dir/build.make CMakeFiles/cmTC_4efe4.dir/build
make[4]: Entering directory '/wax/deferred/reaper/build/reaper/CMakeFiles/CMakeTmp'
make[4]: Warning: File 'CMakeFiles/cmTC_4efe4.dir/flags.make' has modification time 1.3 s in the future
Building C object CMakeFiles/cmTC_4efe4.dir/feature_tests.c.obj
/usr/local/eosio.cdt/bin/eosio-cc   -std=c11 -o CMakeFiles/cmTC_4efe4.dir/feature_tests.c.obj   -c /wax/deferred/reaper/build/reaper/CMakeFiles/feature_tests.c
eosio-cc: Unknown command line argument '-std=c11'.  Try: '/usr/local/eosio.cdt/bin/eosio-cc -help'
eosio-cc: Did you mean '-w=c11'?
CMakeFiles/cmTC_4efe4.dir/build.make:65: recipe for target 'CMakeFiles/cmTC_4efe4.dir/feature_tests.c.obj' failed
make[4]: *** [CMakeFiles/cmTC_4efe4.dir/feature_tests.c.obj] Error 1
make[4]: Leaving directory '/wax/deferred/reaper/build/reaper/CMakeFiles/CMakeTmp'
Makefile:126: recipe for target 'cmTC_4efe4/fast' failed
make[3]: *** [cmTC_4efe4/fast] Error 2
make[3]: Leaving directory '/wax/deferred/reaper/build/reaper/CMakeFiles/CMakeTmp'



Detecting CXX compiler ABI info failed to compile with the following output:
Change Dir: /wax/deferred/reaper/build/reaper/CMakeFiles/CMakeTmp

Run Build Command:"/usr/bin/make" "cmTC_8c9b8/fast"
make[3]: Entering directory '/wax/deferred/reaper/build/reaper/CMakeFiles/CMakeTmp'
make[3]: Warning: File 'Makefile' has modification time 1.3 s in the future
/usr/bin/make -f CMakeFiles/cmTC_8c9b8.dir/build.make CMakeFiles/cmTC_8c9b8.dir/build
make[4]: Entering directory '/wax/deferred/reaper/build/reaper/CMakeFiles/CMakeTmp'
make[4]: Warning: File 'CMakeFiles/cmTC_8c9b8.dir/flags.make' has modification time 1.3 s in the future
Building CXX object CMakeFiles/cmTC_8c9b8.dir/CMakeCXXCompilerABI.cpp.obj
/usr/local/eosio.cdt/bin/eosio-cpp     -o CMakeFiles/cmTC_8c9b8.dir/CMakeCXXCompilerABI.cpp.obj -c /usr/share/cmake-3.10/Modules/CMakeCXXCompilerABI.cpp
Linking CXX executable cmTC_8c9b8.wasm
/usr/bin/cmake -E cmake_link_script CMakeFiles/cmTC_8c9b8.dir/link.txt --verbose=1
/usr/local/eosio.cdt/bin/eosio-ld  -v CMakeFiles/cmTC_8c9b8.dir/CMakeCXXCompilerABI.cpp.obj -o cmTC_8c9b8.wasm 
eosio-ld: Unknown command line argument '-v'.  Try: '/usr/local/eosio.cdt/bin/eosio-ld -help'
eosio-ld: Did you mean '-L'?
CMakeFiles/cmTC_8c9b8.dir/build.make:97: recipe for target 'cmTC_8c9b8.wasm' failed
make[4]: *** [cmTC_8c9b8.wasm] Error 1
make[4]: Leaving directory '/wax/deferred/reaper/build/reaper/CMakeFiles/CMakeTmp'
Makefile:126: recipe for target 'cmTC_8c9b8/fast' failed
make[3]: *** [cmTC_8c9b8/fast] Error 2
make[3]: Leaving directory '/wax/deferred/reaper/build/reaper/CMakeFiles/CMakeTmp'



Detecting CXX [-std=c++1z] compiler features failed to compile with the following output:
Change Dir: /wax/deferred/reaper/build/reaper/CMakeFiles/CMakeTmp

Run Build Command:"/usr/bin/make" "cmTC_6ceee/fast"
make[3]: Entering directory '/wax/deferred/reaper/build/reaper/CMakeFiles/CMakeTmp'
make[3]: Warning: File 'Makefile' has modification time 1.3 s in the future
/usr/bin/make -f CMakeFiles/cmTC_6ceee.dir/build.make CMakeFiles/cmTC_6ceee.dir/build
make[4]: Entering directory '/wax/deferred/reaper/build/reaper/CMakeFiles/CMakeTmp'
make[4]: Warning: File 'CMakeFiles/cmTC_6ceee.dir/flags.make' has modification time 1.3 s in the future
Building CXX object CMakeFiles/cmTC_6ceee.dir/feature_tests.cxx.obj
/usr/local/eosio.cdt/bin/eosio-cpp    -std=c++1z -o CMakeFiles/cmTC_6ceee.dir/feature_tests.cxx.obj -c /wax/deferred/reaper/build/reaper/CMakeFiles/feature_tests.cxx
Linking CXX executable cmTC_6ceee.wasm
/usr/bin/cmake -E cmake_link_script CMakeFiles/cmTC_6ceee.dir/link.txt --verbose=1
/usr/local/eosio.cdt/bin/eosio-ld   CMakeFiles/cmTC_6ceee.dir/feature_tests.cxx.obj -o cmTC_6ceee.wasm 
/usr/local/eosio.cdt/bin/wasm-ld: error: fatal failure: contract with no actions and trying to create dispatcher
CMakeFiles/cmTC_6ceee.dir/build.make:97: recipe for target 'cmTC_6ceee.wasm' failed
make[4]: *** [cmTC_6ceee.wasm] Error 255
make[4]: Leaving directory '/wax/deferred/reaper/build/reaper/CMakeFiles/CMakeTmp'
Makefile:126: recipe for target 'cmTC_6ceee/fast' failed
make[3]: *** [cmTC_6ceee/fast] Error 2
make[3]: Leaving directory '/wax/deferred/reaper/build/reaper/CMakeFiles/CMakeTmp'



